Arguments: 
  C:\Program Files\nodejs\node.exe C:\Program Files (x86)\Yarn\bin\yarn.js add --dev tailwindcss

PATH: 
  C:\Program Files\PowerShell\7;C:\Program Files (x86)\Common Files\Oracle\Java\javapath;C:\Program Files (x86)\Common Files\Intel\Shared Libraries\redist\intel64\compiler;C:\WINDOWS\system32;C:\WINDOWS;C:\WINDOWS\System32\Wbem;C:\WINDOWS\System32\WindowsPowerShell\v1.0\;C:\WINDOWS\System32\OpenSSH\;C:\Program Files\nodejs\;C:\Program Files\Git\cmd;C:\Program Files (x86)\Yarn\bin\;C:\Program Files\Docker\Docker\resources\bin;C:\ProgramData\DockerDesktop\version-bin;C:\ProgramData\chocolatey\bin;C:\Program Files\PowerShell\7\;C:\Users\muhrusdi\AppData\Roaming\edgedb\bin;C:\Users\muhrusdi\AppData\Local\Microsoft\WindowsApps;C:\Users\muhrusdi\AppData\Roaming\npm;C:\Users\muhrusdi\AppData\Local\Programs\Microsoft VS Code\bin;C:\Users\muhrusdi\AppData\Local\Yarn\bin;C:\Users\muhrusdi\.deno\bin;C:\Users\muhrusdi\AppData\Local\Programs\Hyper\resources\bin;C:\Users\muhrusdi\AppData\Local\Microsoft\WindowsApps

Yarn version: 
  1.22.5

Node version: 
  16.13.1

Platform: 
  win32 x64

Trace: 
  Error: EPERM: operation not permitted, unlink 'D:\software-dev\stardix\node_modules\esbuild-windows-64\esbuild.exe'

npm manifest: 
  {
    "private": true,
    "name": "remix-app-template",
    "description": "",
    "license": "",
    "scripts": {
      "build": "remix build",
      "dev": "remix dev",
      "postinstall": "remix setup node",
      "start": "remix-serve build"
    },
    "dependencies": {
      "@remix-run/react": "^1.1.1",
      "react": "^17.0.2",
      "react-dom": "^17.0.2",
      "remix": "^1.1.1",
      "@remix-run/serve": "^1.1.1"
    },
    "devDependencies": {
      "@remix-run/dev": "^1.1.1",
      "@types/react": "^17.0.24",
      "@types/react-dom": "^17.0.9",
      "typescript": "^4.1.2"
    },
    "engines": {
      "node": ">=14"
    },
    "sideEffects": false
  }

yarn manifest: 
  No manifest

Lockfile: 
  No lockfile
